Flutter crash report; please file at https://github.com/flutter/flutter/issues.

## command

flutter run

## exception

String: Exit code 5 from: /usr/bin/xcrun simctl install 511B0848-D0BB-4B98-82F0-6775B31851BB /Users/yali/Development/IdeaProjects/halal_meat_delivery/build/ios/iphonesimulator/Runner.app:
An error was encountered processing the command (domain=NSCocoaErrorDomain, code=4101):
Couldn’t communicate with a helper application.
Try your operation again. If that fails, quit and relaunch the application and try again.

```
#0      runCheckedAsync (package:flutter_tools/src/base/process.dart:249)
<asynchronous suspension>
#1      SimControl.install (package:flutter_tools/src/ios/simulators.dart:126)
#2      IOSSimulator._buildAndInstallApplicationBundle (package:flutter_tools/src/ios/simulators.dart:382)
<asynchronous suspension>
#3      IOSSimulator._setupUpdatedApplicationBundle (package:flutter_tools/src/ios/simulators.dart:357)
<asynchronous suspension>
#4      IOSSimulator.startApp (package:flutter_tools/src/ios/simulators.dart:286)
<asynchronous suspension>
#5      FlutterDevice.runHot (package:flutter_tools/src/resident_runner.dart:289)
<asynchronous suspension>
#6      HotRunner.run (package:flutter_tools/src/run_hot.dart:216)
<asynchronous suspension>
#7      RunCommand.runCommand (package:flutter_tools/src/commands/run.dart:399)
<asynchronous suspension>
#8      FlutterCommand.verifyThenRunCommand (package:flutter_tools/src/runner/flutter_command.dart:344)
<asynchronous suspension>
#9      FlutterCommand.run.<anonymous closure> (package:flutter_tools/src/runner/flutter_command.dart:279)
<asynchronous suspension>
#10     AppContext.run.<anonymous closure> (package:flutter_tools/src/base/context.dart:142)
<asynchronous suspension>
#11     _rootRun (dart:async/zone.dart:1126)
#12     _CustomZone.run (dart:async/zone.dart:1023)
#13     runZoned (dart:async/zone.dart:1501)
#14     AppContext.run (package:flutter_tools/src/base/context.dart:141)
<asynchronous suspension>
#15     FlutterCommand.run (package:flutter_tools/src/runner/flutter_command.dart:270)
#16     CommandRunner.runCommand (package:args/command_runner.dart:194)
<asynchronous suspension>
#17     FlutterCommandRunner.runCommand.<anonymous closure> (package:flutter_tools/src/runner/flutter_command_runner.dart:309)
<asynchronous suspension>
#18     AppContext.run.<anonymous closure> (package:flutter_tools/src/base/context.dart:142)
<asynchronous suspension>
#19     _rootRun (dart:async/zone.dart:1126)
#20     _CustomZone.run (dart:async/zone.dart:1023)
#21     runZoned (dart:async/zone.dart:1501)
#22     AppContext.run (package:flutter_tools/src/base/context.dart:141)
<asynchronous suspension>
#23     FlutterCommandRunner.runCommand (package:flutter_tools/src/runner/flutter_command_runner.dart:265)
<asynchronous suspension>
#24     CommandRunner.run.<anonymous closure> (package:args/command_runner.dart:109)
#25     new Future.sync (dart:async/future.dart:222)
#26     CommandRunner.run (package:args/command_runner.dart:109)
#27     FlutterCommandRunner.run (package:flutter_tools/src/runner/flutter_command_runner.dart:174)
#28     run.<anonymous closure> (package:flutter_tools/runner.dart:54)
<asynchronous suspension>
#29     AppContext.run.<anonymous closure> (package:flutter_tools/src/base/context.dart:142)
<asynchronous suspension>
#30     _rootRun (dart:async/zone.dart:1126)
#31     _CustomZone.run (dart:async/zone.dart:1023)
#32     runZoned (dart:async/zone.dart:1501)
#33     AppContext.run (package:flutter_tools/src/base/context.dart:141)
<asynchronous suspension>
#34     runInContext (package:flutter_tools/src/context_runner.dart:43)
<asynchronous suspension>
#35     run (package:flutter_tools/runner.dart:49)
#36     main (package:flutter_tools/executable.dart:49)
<asynchronous suspension>
#37     main (file:///b/build/slave/Mac_Flutter_Packaging/build/archive/flutter/packages/flutter_tools/bin/flutter_tools.dart:8)
#38     _startIsolate.<anonymous closure> (dart:isolate-patch/dart:isolate/isolate_patch.dart:277)
#39     _RawReceivePortImpl._handleMessage (dart:isolate-patch/dart:isolate/isolate_patch.dart:165)
```

## flutter doctor

```
[✓] Flutter (Channel beta, v0.4.4, on Mac OS X 10.13.4 17E199, locale en)
    • Flutter version 0.4.4 at /Users/yali/Development/flutter
    • Framework revision f9bb4289e9 (3 weeks ago), 2018-05-11 21:44:54 -0700
    • Engine revision 06afdfe54e
    • Dart version 2.0.0-dev.54.0.flutter-46ab040e58

[✓] Android toolchain - develop for Android devices (Android SDK 27.0.3)
    • Android SDK at /Users/yali/Library/Android/sdk
    • Android NDK location not configured (optional; useful for native profiling support)
    • Platform android-27, build-tools 27.0.3
    • Java binary at: /Applications/Android Studio.app/Contents/jre/jdk/Contents/Home/bin/java
    • Java version OpenJDK Runtime Environment (build 1.8.0_152-release-1024-b01)
    • All Android licenses accepted.

[✓] iOS toolchain - develop for iOS devices (Xcode 9.4)
    • Xcode at /Applications/Xcode.app/Contents/Developer
    • Xcode 9.4, Build version 9F1027a
    • ios-deploy 1.9.2
    • CocoaPods version 1.5.2

[✓] Android Studio (version 3.1)
    • Android Studio at /Applications/Android Studio.app/Contents
    • Flutter plugin version 24.2.1
    • Dart plugin version 173.4700
    • Java version OpenJDK Runtime Environment (build 1.8.0_152-release-1024-b01)

[✓] IntelliJ IDEA Community Edition (version 2018.1.3)
    • IntelliJ at /Applications/IntelliJ IDEA CE.app
    • Flutter plugin version 24.2.2
    • Dart plugin version 181.4892.1

[✓] VS Code
    • VS Code at /Applications/Visual Studio Code.app/Contents
    • Dart Code extension version 2.13.0

[✓] Connected devices (1 available)
    • iPhone X • 511B0848-D0BB-4B98-82F0-6775B31851BB • ios • com.apple.CoreSimulator.SimRuntime.iOS-11-3 (simulator)

• No issues found!
```
